<?xml version="1.0" encoding="UTF-8"?>
<!-- Generated by org.testng.reporters.JUnitXMLReporter -->
<testsuite ignored="0" hostname="P3BLAP-HK8R2B3" failures="0" tests="4" name="Test" time="75.322" errors="0" timestamp="2023-03-30T11:54:34 IST">
  <testcase classname="TestCases.FourTest" name="title4" time="41.405"/>
  <testcase classname="TestCases.TwoTest" name="title2" time="11.075"/>
  <testcase classname="TestCases.LoginTest" name="login" time="2.951"/>
  <testcase classname="TestCases.ThreeTest" name="title3" time="9.508"/>
</testsuite> <!-- Test -->
